Build started 2014-02-17 20:25:47.
     1>Project "D:\Pobrane\puzzle4p\puzzle4p\PuzzleGameVS\PuzzleGameVS.vcxproj" on node 2 (Build target(s)).
     1>Link:
         D:\Pliki programów (x86)\Microsoft Visual Studio 13\VC\bin\link.exe /ERRORREPORT:PROMPT /OUT:"D:\Pobrane\puzzle4p\puzzle4p\Release\PuzzleGameVS.exe" /NOLOGO SDL2.lib SDL2main.lib SDL2_image.lib kernel32.lib user32.lib gdi32.lib winspool.lib comdlg32.lib advapi32.lib shell32.lib ole32.lib oleaut32.lib uuid.lib odbc32.lib odbccp32.lib /MANIFEST /MANIFESTUAC:"level='asInvoker' uiAccess='false'" /manifest:embed /DEBUG /PDB:"D:\Pobrane\puzzle4p\puzzle4p\Release\PuzzleGameVS.pdb" /SUBSYSTEM:WINDOWS /OPT:REF /OPT:ICF /LTCG /TLBID:1 /DYNAMICBASE /NXCOMPAT /IMPLIB:"D:\Pobrane\puzzle4p\puzzle4p\Release\PuzzleGameVS.lib" /MACHINE:X86 /SAFESEH Release\Background.obj
         Release\Board.obj
         Release\drawingManager.obj
         Release\Game.obj
         Release\ImgHolder.obj
         Release\Layer.obj
         Release\layerManager.obj
         Release\loader.obj
         Release\Menu.obj
         Release\Player.obj
         Release\Sprite.obj
         Release\stateManager.obj
         Release\Tile.obj
         Release\TilesFactory.obj
         Release\Util.obj
         Generating code
         Finished generating code
         PuzzleGameVS.vcxproj -> D:\Pobrane\puzzle4p\puzzle4p\Release\PuzzleGameVS.exe
     1>Done Building Project "D:\Pobrane\puzzle4p\puzzle4p\PuzzleGameVS\PuzzleGameVS.vcxproj" (Build target(s)).

Build succeeded.

Time Elapsed 00:00:01.17
